<?xml version="1.0" encoding="UTF-8"?>
<!-- Generated by org.testng.reporters.JUnitReportReporter -->
<testsuite hostname="QZ-LT-021" failures="0" tests="1" name="com.automationtesting.demo.NewTest" time="0.005" errors="0" timestamp="2024-12-20T14:12:54 IST" skipped="0">
  <testcase classname="com.automationtesting.demo.NewTest" name="f" time="0.005"/>
  <system-out/>
</testsuite> <!-- com.automationtesting.demo.NewTest -->
