<?xml version="1.0" encoding="UTF-8"?>
<!-- Generated by org.testng.reporters.JUnitReportReporter -->
<testsuite hostname="QZ-LT-021" failures="0" tests="1" name="testNG.SampleTest" time="0.007" errors="0" timestamp="2024-12-19T15:18:52 IST" skipped="0">
  <testcase classname="testNG.SampleTest" name="Demo" time="0.007"/>
  <system-out/>
</testsuite> <!-- testNG.SampleTest -->
